<?xml version="1.0" encoding="UTF-8"?>
<!-- Generated by org.testng.reporters.JUnitReportReporter -->
<testsuite hostname="DESKTOP-EVH8SE0" failures="0" tests="2" name="com.testng.Demo" time="0.011" errors="0" timestamp="2020-01-07T18:45:44 IST" skipped="0">
  <testcase classname="com.testng.Demo" name="test_1" time="0.003"/>
  <testcase classname="com.testng.Demo" name="test" time="0.008"/>
</testsuite> <!-- com.testng.Demo -->
