<?xml version="1.0" encoding="UTF-8"?>
<!-- Generated by org.testng.reporters.JUnitReportReporter -->
<testsuite hostname="DESKTOP-EVH8SE0" failures="0" tests="2" name="com.testng.group3" time="0.005" errors="0" timestamp="2020-01-07T19:22:11 IST" skipped="0">
  <testcase classname="com.testng.group3" name="seven" time="0.003"/>
  <testcase classname="com.testng.group3" name="nine" time="0.002"/>
</testsuite> <!-- com.testng.group3 -->
