<?xml version="1.0" encoding="UTF-8"?>
<!-- Generated by org.testng.reporters.JUnitReportReporter -->
<testsuite hostname="DESKTOP-EVH8SE0" failures="0" tests="2" name="com.testng.group1" time="0.022" errors="0" timestamp="2020-01-07T19:22:11 IST" skipped="0">
  <testcase classname="com.testng.group1" name="one" time="0.019"/>
  <testcase classname="com.testng.group1" name="three" time="0.003"/>
</testsuite> <!-- com.testng.group1 -->
