<?xml version="1.0" encoding="UTF-8"?>
<!-- Generated by org.testng.reporters.JUnitReportReporter -->
<testsuite hostname="DESKTOP-EVH8SE0" failures="0" tests="2" name="com.testng.data_provide" time="0.017" errors="0" timestamp="2020-01-07T19:25:56 IST" skipped="0">
  <testcase classname="com.testng.data_provide" name="f" time="0.003"/>
  <testcase classname="com.testng.data_provide" name="f" time="0.014"/>
</testsuite> <!-- com.testng.data_provide -->
