<?xml version="1.0" encoding="UTF-8"?>
<!-- Generated by org.testng.reporters.JUnitReportReporter -->
<testsuite hostname="DESKTOP-EVH8SE0" failures="0" tests="2" name="com.testng.Parallel1" time="7.511" errors="0" timestamp="2020-01-07T19:08:43 IST" skipped="0">
  <testcase classname="com.testng.Parallel1" name="tc_1" time="7.508"/>
  <testcase classname="com.testng.Parallel1" name="tc_2" time="0.003"/>
</testsuite> <!-- com.testng.Parallel1 -->
