<?xml version="1.0" encoding="UTF-8"?>
<!-- Generated by org.testng.reporters.JUnitReportReporter -->
<testsuite hostname="DESKTOP-EVH8SE0" failures="0" tests="2" name="com.testng.Parallel2" time="11.715" errors="0" timestamp="2020-01-07T19:08:43 IST" skipped="0">
  <testcase classname="com.testng.Parallel2" name="tc_4" time="0.003"/>
  <testcase classname="com.testng.Parallel2" name="tc_3" time="11.712"/>
</testsuite> <!-- com.testng.Parallel2 -->
