<?xml version="1.0" encoding="UTF-8"?>
<!-- Generated by org.testng.reporters.JUnitReportReporter -->
<testsuite hostname="DESKTOP-EVH8SE0" failures="0" tests="2" name="com.testng.group2" time="0.002" errors="0" timestamp="2020-01-07T19:22:11 IST" skipped="1">
  <testcase classname="com.testng.group2" name="six" time="0.002"/>
  <testcase classname="com.testng.group2" name="four">
    <skipped/>
  </testcase> <!-- four -->
</testsuite> <!-- com.testng.group2 -->
